<?xml version="1.0" encoding="UTF-8"?>
<testsuite name="ru.stqa.pft.annotate.tests.TaskPerformingTests" tests="1" skipped="0" failures="0" errors="0" timestamp="2018-08-27T13:43:46" hostname="pc-sergei" time="17.22">
  <properties/>
  <testcase name="testTaskPerforming" classname="ru.stqa.pft.annotate.tests.TaskPerformingTests" time="17.22"/>
  <system-out><![CDATA[]]></system-out>
  <system-err><![CDATA[Aug 27, 2018 5:43:31 PM org.openqa.selenium.remote.ProtocolHandshake createSession
INFO: Detected dialect: OSS
]]></system-err>
</testsuite>
